<?xml version="1.0" encoding="UTF-8"?>
<!-- Generated by org.testng.reporters.JUnitReportReporter -->
<testsuite hostname="hp" failures="0" tests="1" name="com.TC.MyInfoPageTest" time="52.366" errors="0" timestamp="2023-09-10T22:09:38 IST" skipped="0">
  <testcase classname="com.TC.MyInfoPageTest" name="street2" time="52.366"/>
  <system-out/>
</testsuite> <!-- com.TC.MyInfoPageTest -->
